<?xml version="1.0" encoding="UTF-8"?>
<testsuite name="TestSuite" time="3.357" tests="9" errors="0" skipped="1" failures="0">
  <properties>
[...]
</properties>
  <testcase name="testcase0" classname="com.sonatype.console.selenium.LoadTestScenario" time="0">
    <skipped/>
    <system-out><![CDATA[[TestNGContentHandler] [WARN] It is strongly recommended to add "<!DOCTYPE suite SYSTEM "http://testng.org/testng-1.0.dtd" >" at the top of your file, otherwise TestNG may fail or not work as expected.
]]></system-out>
    <system-err><![CDATA[Starting ChromeDriver 78.0.3904.105 (60e2d8774a8151efa6a00b1f358371b1e0e07ee2-refs/branch-heads/3904@{#877}) on port 8822
Only local connections are allowed.
Please protect ports used by ChromeDriver and related test frameworks to prevent access by malicious code.
[1576213143.445][WARNING]: Timed out connecting to Chrome, retrying...
]]></system-err>
  </testcase>
  <testcase name="testcase1" classname="com.sonatype.console.selenium.LoadTestScenario" time="1.184"/>
  <testcase name="testcase2" classname="com.sonatype.console.selenium.LoadTestScenario" time="0.419"/>
  <testcase name="testcase3" classname="com.sonatype.console.selenium.LoadTestScenario" time="0.346"/>
  <testcase name="testcase4" classname="com.sonatype.console.selenium.LoadTestScenario" time="0.269"/>
  <testcase name="testcase5" classname="com.sonatype.console.selenium.LoadTestScenario" time="0.299"/>
  <testcase name="testcase6" classname="com.sonatype.console.selenium.LoadTestScenario" time="0.264"/>
  <testcase name="testcase7" classname="com.sonatype.console.selenium.LoadTestScenario" time="0.313"/>
  <testcase name="testcase8" classname="com.sonatype.console.selenium.LoadTestScenario" time="0.263"/>
</testsuite>