<?xml version="1.0" encoding="UTF-8"?>
<testng-results skipped="0" failed="0" ignored="0" total="0" passed="0">
  <reporter-output>
  </reporter-output>
  <suite name="TestNG Load Testing Suite" duration-ms="7" started-at="2019-12-12T20:02:22 EST" finished-at="2019-12-12T20:02:22 EST">
    <groups>
    </groups>
    <test name="Selenium Load Test" duration-ms="7" started-at="2019-12-12T20:02:22 EST" finished-at="2019-12-12T20:02:22 EST">
    </test> <!-- Selenium Load Test -->
  </suite> <!-- TestNG Load Testing Suite -->
</testng-results>
