<?xml version="1.0" encoding="UTF-8"?>
<!-- Generated by org.testng.reporters.JUnitXMLReporter -->
<testsuite hostname="DESKTOP-3M9NET2" name="Selenium Load Test" tests="9" failures="0" timestamp="13 Dec 2019 04:59:10 GMT" time="12.607" errors="0">
  <testcase name="testcase0" time="0.001" classname="com.sonatype.console.selenium.LoadTestScenario">
    <skipped/>
  </testcase> <!-- testcase0 -->
  <testcase name="testcase1" time="1.184" classname="com.sonatype.console.selenium.LoadTestScenario"/>
  <testcase name="testcase2" time="0.419" classname="com.sonatype.console.selenium.LoadTestScenario"/>
  <testcase name="testcase3" time="0.347" classname="com.sonatype.console.selenium.LoadTestScenario"/>
  <testcase name="testcase4" time="0.269" classname="com.sonatype.console.selenium.LoadTestScenario"/>
  <testcase name="testcase5" time="0.298" classname="com.sonatype.console.selenium.LoadTestScenario"/>
  <testcase name="testcase6" time="0.263" classname="com.sonatype.console.selenium.LoadTestScenario"/>
  <testcase name="testcase7" time="0.313" classname="com.sonatype.console.selenium.LoadTestScenario"/>
  <testcase name="testcase8" time="0.263" classname="com.sonatype.console.selenium.LoadTestScenario"/>
</testsuite> <!-- Selenium Load Test -->
